Start testing: Sep 13 15:19 CST
----------------------------------------------------------
1/1 Testing: run_pict
1/1 Test: run_pict
Command: "/usr/bin/perl" "test.pl" "/Users/apple/Documents/workspaces/github/pict/build/cli/pict" "rel.log"
Directory: /Users/apple/Documents/workspaces/github/pict/test
"run_pict" start time: Sep 13 15:19 CST
Output:
----------------------------------------------------------
[/Users/apple/Documents/workspaces/github/pict/build/cli/pict]
--?                  
-??                  
"/??"                
//?                  
nonexisting.txt      
-o:1                 
-d:.                 
/a:                  
/i:"!"               
/s:                  
/ab:1                
/ob:1                
-00                  
-DD:a                
"/?"                 
-?                   
arg/arg001.txt /o:1              
arg/arg001.txt /o:1 -d:,	     
arg/arg001.txt /o:1 -d:","	     
arg/arg001.txt /o:1 /d:,	     
arg/arg001.txt /o:2              
arg/arg001.txt /O:2              
arg/arg001.txt /o:3              
arg/arg001.txt -o:3              
arg/arg001.txt -O:3              
arg/arg001.txt /O:2.5            
arg/arg001.txt /o:max            
arg/arg001.txt /o:a              
arg/arg001.txt /o:" "            
arg/arg001.txt /o:/              
arg/arg001.txt /o:ab             
arg/arg001.txt /O:-1             
arg/arg001.txt /o1               
arg/arg001.txt /o:0              
arg/arg001.txt /o:4              
arg/arg001.txt o:1               
arg/arg001.txt --o:1             
arg/arg001.txt                   
arg/arg002.txt /d:" "            
arg/arg002.txt -d:space          
arg/arg003.txt /d:","            
arg/arg002.txt /D:" "            
arg/arg002.txt -D:space          
arg/arg003.txt /D:","            
arg/arg002.txt -o:1 /d:" "       
arg/arg002.txt -d:space /o:2     
arg/arg003.txt -d:tab            
arg/arg003.txt -D:tab            
arg/arg001.txt /d:               
arg/arg001.txt /d,               
arg/arg002.txt /d:""             
arg/arg001.txt /D,               
arg/arg002.txt /D:""             
arg/arg002.txt /d:"  "           
arg/arg001.txt /d:",,"           
arg/arg001.txt //d:,             
arg/arg001.txt --d:,             
arg/arg003.txt /d:" "            
arg/arg001.txt                         
arg/arg002.txt                         
arg/arg003.txt                         
arg/arg004.txt                         
arg/arg004.txt /a:@                    
arg/arg004.txt /a:"|"                  
arg/arg004.txt /A:@                    
arg/arg004.txt /A:"|"                  
arg/arg004.txt /a:@ -o:3               
arg/arg004.txt /a:"|" /o:1             
arg/arg004.txt /o:1 /a:@               
arg/arg004.txt -o:3 /A:"|" /d:,        
arg/arg004.txt -o:3 /a:"|" /d:","      
arg/arg004.txt -o:3 /d:, /a:"|"        
arg/arg004.txt -o:3 /d:"," /A:"|"      
arg/arg004.txt /d:, -o:3 /a:"|"        
arg/arg004.txt /d:","   -o:3 /a:"|"    
arg/arg004.txt /A:"|"                  
arg/arg004.txt /o:1 /a:@               
arg/arg004.txt /a:" "                  
arg/arg004.txt /a:space                
arg/arg004.txt /A:" "                  
arg/arg004.txt /A:space                
arg/arg004.txt /a:!                    
arg/arg004.txt /a:"!"                  
arg/arg004.txt /a:                     
arg/arg004.txt /a"|"                   
arg/arg004.txt /a:""                   
arg/arg004.txt /A:                     
arg/arg004.txt /A"|"                   
arg/arg004.txt /A:""                   
arg/arg004.txt /a:"  "                 
arg/arg004.txt /a:"||"                 
arg/arg004.txt //a:@                   
arg/arg004.txt --a:"|"                 
arg/arg004.txt -o:3 /a:"|" /d:" "      
arg/arg004.txt -o:3 /d:" " /a:"|"      
arg/arg004.txt /d:" "   -o:3 /a:"|"    
arg/arg004.txt -o:3 /a:"|" -o:3        
arg/arg004.txt /a:@ /a:space           
arg/arg001.txt                             
arg/arg002.txt                             
arg/arg003.txt                             
arg/arg004.txt                             
arg/arg005.txt /d:~                        
arg/arg005.txt /d:~ /n:~                   
arg/arg005.txt                             
arg/arg005.txt /n:~                        
arg/arg005.txt /N:~                        
arg/arg005.txt /n:1                        
arg/arg005.txt /n:"~"                      
arg/arg005.txt /N:"~"                      
arg/arg006.txt /n:@                        
arg/arg006.txt /n:"@"                      
arg/arg006.txt -n:@                        
arg/arg006.txt -N:@                        
arg/arg006.txt -n:"~"                      
arg/arg006.txt -o:3 /a:"|" /d:"," /n:@     
arg/arg006.txt -o:3 /d:"," /n:@ /a:"|"     
arg/arg005.txt /n:                         
arg/arg005.txt /n::~                       
arg/arg005.txt /n~                         
arg/arg005.txt /n:""                       
arg/arg005.txt /n:"  "                     
arg/arg005.txt /n:"~~"                     
arg/arg006.txt //N:@                       
arg/arg005.txt /N:"  "                     
arg/arg005.txt /N:"~~"                     
arg/arg006.txt //n:@                       
arg/arg006.txt --n:@                       
arg/arg006.txt -n:@ -o:3 /a:"|" /n:~       
arg/arg004.txt /d:","   -o:3 /a:"|" -r         
arg/arg004.txt /d:","   -o:3 /r /a:"|"         
arg/arg004.txt  -r /d:","   -o:3 /a:"|"        
arg/arg004.txt  /r -d:","   -o:3 /a:"|"        
arg/arg004.txt  -r:123 /d:","   -o:3 /a:"|"    
arg/arg004.txt  /d:","   -o:3 /r:0000 /a:"|"   
arg/arg005.txt /r                              
arg/arg005.txt -r                              
arg/arg005.txt /r:123                          
arg/arg005.txt -r:123                          
arg/arg005.txt /R                              
arg/arg005.txt -R                              
arg/arg005.txt /R:123                          
arg/arg005.txt -R:123                          
arg/arg005.txt /r:99999                        
arg/arg005.txt /r:20000                        
arg/arg005.txt /r::                            
arg/arg005.txt /r:ala                          
arg/arg005.txt /r:space                        
arg/arg005.txt /r:"  "                         
arg/arg005.txt -r:"~~"                         
arg/arg008.txt /a:space                        
arg/arg009.txt /a:tab                          
arg/arg004.txt /d:","   -o:3  /a:"|"-r         
arg/arg005.txt -r:                             
arg/arg006.txt //R:12                          
arg/arg006.txt //r:12                          
arg/arg006.txt --r:33                          
arg/arg007.txt -c                                           
arg/arg007.txt /c                                           
arg/arg007.txt -C                                           
arg/arg007.txt /C                                           
arg/arg007.txt /c /d:","   -o:3 /a:"|" -r                   
arg/arg007.txt  -r /d:","   -o:3 -c /a:"|"                  
arg/arg007.txt  -r:123 /d:","   -o:3 /C /a:"|"              
arg/arg007.txt  /d:","   -o:3 /r:0000 /a:"|" 	-C      
arg/arg007.txt /d:","   /c -o:3 /r /a:"|"                   
arg/arg007.txt                                              
arg/arg007.txt /c:                                          
arg/arg007.txt /c::                                         
arg/arg007.txt /c~                                          
arg/arg007.txt /c:""                                        
arg/arg007.txt //C:@                                        
arg/arg007.txt //c                                          
arg/arg007.txt --C                                          
arg/arg007.txt  /r -d:","   -o:3 /a:"|"                     
arg/arg001.txt /o:1                
arg/arg001.txt /o:1 -d:,           
arg/arg001.txt /o:1 -d:","         
arg/arg001.txt /o:1 /d:,           
arg/arg001.txt /o:2                
arg/arg001.txt /O:2                
arg/arg001.txt /o:3                
arg/arg001.txt -o:3                
arg/arg001.txt -O:3                
arg/arg001.txt /O:2.5              
arg/arg001.txt /o:a                
arg/arg001.txt /o:" "              
arg/arg001.txt /o:/                
arg/arg001.txt /o:ab               
arg/arg001.txt /O:-1               
arg/arg001.txt /o1                 
arg/arg001.txt /o:0                
arg/arg001.txt /o:4                
arg/arg001.txt o:1                 
arg/arg001.txt --o:1               
arg/arg010.txt -p                   
arg/arg010.txt /o:1 -P              
arg/arg010.txt /o:4 /p              
arg/arg010.txt /o:3 /P              
arg/arg001.txt -s                   
arg/arg001.txt -S                   
arg/arg001.txt /S                   
arg/arg001.txt /s                   
bug/bug001.txt /o:3      
bug/bug004.txt           
bug/bug005.txt           
bug/bug005.txt /o:1      
bug/bug006.txt           
bug/bug006.txt -c        
bug/bug010.txt           
bug/bug011.txt           
bug/bug012.txt           
bug/bug013.txt           
bug/bug020.txt           
bug/bug014.txt           
bug/bug015.txt           
bug/bug015.txt /o:1      
bug/bug015.txt /o:3      
bug/bug015.txt /r        
bug/bug015.txt /r        
bug/bug020.txt /d:*      
bug/bug021.txt           
bug/bug022.txt           
bug/bug023.txt /o:1      
bug/bug002.txt           
bug/bug003.txt           
bug/bug005.txt /o:2      
bug/bug007.txt           
clus/clus001.txt                             
clus/clus001.txt /o:1                        
clus/clus001.txt /o:3                        
clus/clus002.txt                             
clus/clus004.txt                             
clus/clus008.txt                             
clus/clus008.txt -O:1                        
clus/clus009.txt                             
clus/clus009.txt /o:1                        
clus/clus010.txt /o:1                        
clus/clus010.txt /o:2                        
clus/clus011.txt /o:1                        
clus/clus011.txt /o:2                        
clus/clus011.txt /o:3                        
clus/clus011.txt /o:4                        
clus/clus011.txt /o:5                        
clus/clus011.txt /o:6                        
clus/clus012.txt /o:1                        
clus/clus012.txt /o:2                        
clus/clus012.txt /o:3                        
clus/clus012.txt /o:4                        
clus/clus012.txt /o:5                        
clus/clus013.txt                             
clus/clus015.txt -o:1                        
clus/clus015.txt -o:2                        
clus/clus015.txt -o:3                        
clus/clus016.txt -o:1                        
clus/clus016.txt -o:2                        
clus/clus016.txt -o:3                        
clus/clus017.txt -o:1                        
clus/clus017.txt -o:2                        
clus/clus019.txt                             
clus/clus020.txt -o:1                        
clus/clus020.txt -o:2                        
clus/clus020.txt -o:3                        
clus/clus020.txt -o:4                        
clus/clus020.txt -o:5                        
clus/clus020.txt -o:6                        
clus/clus023.txt /d:space                    
ERROR: seeding failure
clus/clus023.txt /d:space /o:1               
ERROR: seeding failure
clus/clus024.txt /d:space                    
clus/clus024.txt /O:1 /d:space               
clus/clus024.txt /O:2 /d:space               
clus/clus024.txt /O:3 /d:space               
clus/clus025.txt                             
clus/clus001.txt /d:" "                      
ERROR: seeding failure
clus/clus005.txt                              
clus/clus014.txt                              
clus/clus100.txt /o:1                         
clus/clus100.txt /o:2                         
clus/clus100.txt /o:3                         
clus/clus101.txt /o:1                         
clus/clus101.txt /o:2                         
clus/clus102.txt /o:1                         
clus/clus102.txt /o:2                         
clus/clus100.txt /o:4                         
clus/clus023.txt /d:,                         
clus/clus024.txt /O:2                         
clus/clus003.txt                              
clus/clus006.txt                              
clus/clus007.txt                              
clus/clus010.txt /o:3                         
clus/clus011.txt /o:7                         
clus/clus012.txt /o:6                         
clus/clus015.txt -o:4                         
clus/clus016.txt -o:4                         
clus/clus017.txt -o:3                         
clus/clus018.txt                              
clus/clus018.txt -o:1                         
clus/clus018.txt /o:2                         
clus/clus018.txt /o:3                         
clus/clus020.txt /o:7                         
clus/clus021.txt                              
clus/clus021.txt /o:1                         
clus/clus021.txt /o:2                         
clus/clus021.txt /o:3                         
clus/clus021.txt /o:4                         
clus/clus021.txt /o:5                         
clus/clus021.txt /o:6                         
clus/clus022.txt                              
clus/clus022.txt -O:1                         
clus/clus022.txt -O:2                         
clus/clus022.txt -O:3                         
clus/clus022.txt -O:4                         
clus/clus022.txt -O:5                         
clus/clus022.txt -O:6                         
clus/clus023.txt /o:5 /d:space                
clus/clus024.txt /O:4 /d:space                
clus/clus026.txt                              
clus/clus027.txt                              
clus/clus028.txt                              
cons/cons001.txt         
cons/cons002.txt         
cons/cons003.txt         
cons/cons004.txt         
cons/cons005.txt         
cons/cons006.txt         
cons/cons007.txt         
cons/cons008.txt         
cons/cons009.txt         
cons/cons100.txt         
cons/cons101.txt         
cons/cons102.txt         
cons/cons103.txt         
cons/cons104.txt         
cons/cons105.txt         
cons/cons110.txt         
cons/cons102.txt -c      
cons/cons106.txt         
cons/cons109.txt         
cons/cons042.txt         
cons/cons049.txt         
cons/cons062.txt         
cons/cons070.txt         
cons/cons072.txt         
cons/cons206.txt         
cons/cons206.txt -c      
cons/cons220.txt         
cons/cons221.txt         
cons/cons222.txt         
cons/cons037.txt         
cons/cons038.txt         
cons/cons070.txt -c      
cons/cons072.txt /C      
cons/cons103.txt -C      
cons/cons104.txt /c      
cons/cons105.txt /C      
cons/cons109.txt -c      
cons/cons110.txt /c      
cons/cons010.txt         
cons/cons011.txt         
cons/cons012.txt         
cons/cons013.txt         
cons/cons014.txt         
cons/cons020.txt         
cons/cons021.txt         
cons/cons030.txt         
cons/cons031.txt         
cons/cons200.txt         
cons/cons201.txt         
cons/cons203.txt         
cons/cons204.txt         
cons/cons205.txt         
cons/cons032.txt         
cons/cons033.txt         
cons/cons034.txt         
cons/cons035.txt         
cons/cons036.txt         
cons/cons039.txt         
cons/cons040.txt         
cons/cons041.txt         
cons/cons043.txt         
cons/cons044.txt         
cons/cons045.txt         
cons/cons046.txt         
cons/cons047.txt         
cons/cons048.txt         
cons/cons050.txt         
cons/cons051.txt         
cons/cons052.txt         
cons/cons053.txt         
cons/cons054.txt         
cons/cons055.txt         
cons/cons056.txt         
cons/cons057.txt         
cons/cons058.txt         
cons/cons059.txt         
cons/cons060.txt         
cons/cons061.txt         
cons/cons063.txt         
cons/cons064.txt         
cons/cons065.txt         
cons/cons066.txt         
cons/cons067.txt         
cons/cons068.txt         
cons/cons069.txt         
cons/cons071.txt         
cons/cons071.txt /c      
cons/cons073.txt         
cons/cons074.txt         
cons/cons075.txt         
cons/cons076.txt         
cons/cons077.txt         
cons/cons300.txt         
cons/cons301.txt         
cons/cons302.txt         
cons/cons303.txt         
cons/cons304.txt         
cons/cons350.txt         
cons/cons351.txt         
cons/cons352.txt         
cons/cons355.txt         
cons/cons356.txt         
cons/cons357.txt         
cons/cons358.txt         
cons/cons359.txt         
cons/cons400.txt         
cons/cons401.txt         
func/func001.txt              
func/func001.txt /o:1         
func/func001.txt /o:2         
func/func001.txt /o:3         
func/func002.txt              
func/func003.txt              
func/func004.txt              
func/func005.txt              
func/func006.txt              
func/func007.txt              
func/func008.txt              
func/func021.txt              
func/func024.txt              
func/func025.txt              
func/func026.txt              
func/func020.txt              
func/func022.txt              
func/func023.txt              
func/func027.txt              
func/func028.txt              
func/func029.txt              
modl/modl001.txt       
modl/modl002.txt       
modl/modl003.txt       
modl/modl004.txt       
modl/modl005.txt       
modl/modl006.txt       
modl/modl007.txt       
modl/modl008.txt       
modl/modl009.txt       
modl/modl013.txt       
modl/modl014.txt       
modl/modl015.txt       
modl/modl019.txt       
modl/modl019.txt -c    
modl/modl020.txt       
modl/modl021.txt       
modl/modl022.txt       
modl/modl023.txt       
modl/modl010.txt       
modl/modl011.txt       
modl/modl012.txt       
modl/modl016.txt       
modl/modl017.txt       
modl/modl018.txt       
para/para003.txt             
para/para004.txt             
para/para004.txt /o:1        
para/para004.txt /o:2        
para/para004.txt /o:3        
para/para005.txt /o:1        
para/para006.txt /o:1        
para/para006.txt /o:2        
para/para001.txt             
para/para011.txt             
para/para012.txt             
para/para012.txt -C          
para/para013.txt /o:1        
para/para014.txt             
para/para015.txt             
para/para015.txt /o:1        
para/para016.txt /o:2        
para/para017.txt /d:tab      
para/para018.txt             
para/para018.txt /a:z        
para/para022.txt             
para/para022.txt -C          
para/para023.txt             
para/para002.txt             
para/para005.txt /o:2        
para/para007.txt             
para/para008.txt             
para/para009.txt             
para/para010.txt             
para/para015.txt /o:3        
para/para017.txt             
para/para017.txt /d:space    
para/para019.txt             
prp/prp001.txt         
prp/prp002.txt         
prp/prp003.txt         
prp/prp004.txt         
prp/prp005.txt         
prp/prp006.txt         
prp/prp006.txt /o:1    
prp/prp007.txt         
prp/prp008.txt         
prp/prp020.txt         
prp/prp021.txt         
real/real001.txt    
real/real002.txt    
real/real003.txt    
real/real004.txt    
real/real005.txt    
real/real006.txt    
real/real007.txt    
real/real008.txt    
real/real009.txt    
real/real010.txt    
real/real011.txt    
real/real012.txt    
real/real020.txt    
real/real021.txt    
real/real022.txt    
real/real023.txt    
real/real024.txt    
real/real025.txt    
real/real026.txt    
real/real027.txt    
real/real030.txt    
real/real031.txt    
real/real033.txt    
real/real034.txt    
real/real035.txt    
real/real036.txt    
real/real037.txt    
real/real038.txt         
real/real038.txt /o:1    
real/real038.txt /o:2    
real/real038.txt /o:3    
real/real038.txt /o:4    
real/real038.txt /o:5    
real/real038.txt /o:6    
real/real039.txt    
real/real201.txt    
seed/seed001.txt /e:                         
seed/seed001.txt /e:a                        
seed/seed001.txt /e:%curdir%seed001.sed              
seed/seed001.txt /e:%curdir%seed001.sed /o:3         
seed/seed001.txt /e:%curdir%seed001.sed /r           
seed/seed001.txt /e:%curdir%seed002.sed /r           
seed/seed001.txt /e:%curdir%seed003.sed              
seed/seed001.txt /e:%curdir%seed004.sed              
seed/seed001.txt /e:%curdir%seed005.sed              
seed/seed001.txt /e:%curdir%seed006.sed              
seed/seed001.txt /e:%curdir%seed007.sed              
seed/seed002.txt /e:%curdir%seed001.sed              
seed/seed010.txt /e:%curdir%seed001.sed              
seed/seed011.txt /e:%curdir%seed001.sed              
seed/seed012.txt /e:%curdir%seed001.sed              
seed/seed013.txt /e:%curdir%seed001.sed              
seed/seed014.txt /e:%curdir%seed001.sed              
seed/seed015.txt /e:%curdir%seed001.sed              
seed/seed016.txt /e:%curdir%seed001.sed              
seed/seed017.txt /e:%curdir%seed001.sed              
term/term001.txt          
term/term004.txt          
term/term010.txt          
term/term011.txt          
term/term012.txt          
term/term013.txt          
term/term002.txt          
term/term003.txt          
term/term021.txt          
term/term022.txt          
term/term023.txt          
term/term024.txt          
wght/wght001.txt        
wght/wght002.txt        
wght/wght003.txt        
<end of output>
Test time = 109.64 sec
----------------------------------------------------------
Test Passed.
"run_pict" end time: Sep 13 15:21 CST
"run_pict" time elapsed: 00:01:49
----------------------------------------------------------

End testing: Sep 13 15:21 CST
